<?xml version="1.0" encoding="UTF-8"?>
<!-- Generated by org.testng.reporters.JUnitReportReporter -->
<testsuite hostname="Opu.local" name="testSuite1.TestClass1" tests="2" failures="0" timestamp="14 Aug 2016 01:54:21 GMT" time="3.729" errors="0">
  <testcase name="LoginToFacebook" time="3.106" classname="testSuite1.TestClass1"/>
  <testcase name="quitBrowser" time="0.623" classname="testSuite1.TestClass1"/>
</testsuite> <!-- testSuite1.TestClass1 -->
